<?xml version="1.0" encoding="UTF-8"?>
<!-- Generated by org.testng.reporters.JUnitReportReporter -->
<testsuite skipped="0" hostname="AnbeShivam" name="BasePackage.DriverClass" tests="1" failures="0" timestamp="22 Apr 2019 03:43:09 GMT" time="12.847" errors="0">
  <testcase name="test" time="12.847" classname="BasePackage.DriverClass"/>
</testsuite> <!-- BasePackage.DriverClass -->
