<?xml version="1.0" encoding="UTF-8"?>
<!-- Generated by org.testng.reporters.JUnitReportReporter -->
<testsuite hostname="5CD8377VHB" name="TestCasePackage.HomePageTest" tests="1" failures="0" timestamp="28 Apr 2019 09:36:25 GMT" time="90.930" errors="0">
  <testcase name="endToEndCases" time="90.930" classname="TestCasePackage.HomePageTest"/>
</testsuite> <!-- TestCasePackage.HomePageTest -->
